<?xml version="1.0" encoding="UTF-8"?>
<!-- Generated by org.testng.reporters.JUnitReportReporter -->
<testsuite hostname="DT27" name="com.com.orangehrmlive.Demo1" tests="2" failures="0" timestamp="30 Dec 2019 02:31:15 GMT" time="11.403" errors="0">
  <testcase name="LoginTest" time="1.417" classname="com.com.orangehrmlive.Demo1"/>
  <testcase name="openBrowser" time="9.986" classname="com.com.orangehrmlive.Demo1"/>
</testsuite> <!-- com.com.orangehrmlive.Demo1 -->
