<?xml version="1.0" encoding="UTF-8"?>
<!-- Generated by org.testng.reporters.JUnitReportReporter -->
<testsuite hostname="DT27" name="com.com.orangehrmlive.DataDriven" tests="2" failures="0" timestamp="1 Oct 2019 11:02:37 GMT" time="9.439" errors="0">
  <testcase name="loginTest" time="5.252" classname="com.com.orangehrmlive.DataDriven"/>
  <testcase name="loginTest" time="4.187" classname="com.com.orangehrmlive.DataDriven"/>
</testsuite> <!-- com.com.orangehrmlive.DataDriven -->
