<?xml version="1.0" encoding="UTF-8"?>
<!-- Generated by org.testng.reporters.JUnitReportReporter -->
<testsuite hostname="DT27" name="com.com.orangehrmlive.flipkart" tests="3" failures="0" timestamp="30 Dec 2019 05:51:37 GMT" time="9.676" errors="0">
  <testcase name="Remove" time="0.153" classname="com.com.orangehrmlive.flipkart"/>
  <testcase name="Search" time="0.287" classname="com.com.orangehrmlive.flipkart"/>
  <testcase name="openBrowser" time="9.236" classname="com.com.orangehrmlive.flipkart"/>
</testsuite> <!-- com.com.orangehrmlive.flipkart -->
