<?xml version="1.0" encoding="UTF-8"?>
<!-- Generated by org.testng.reporters.JUnitReportReporter -->
<testsuite hostname="DT27" name="com.com.orangehrmlive.Google" tests="2" failures="0" timestamp="30 Dec 2019 05:52:16 GMT" time="9.827" errors="0">
  <testcase name="LoginTest" time="1.363" classname="com.com.orangehrmlive.Google"/>
  <testcase name="openBrowser" time="8.464" classname="com.com.orangehrmlive.Google"/>
</testsuite> <!-- com.com.orangehrmlive.Google -->
