<?xml version="1.0" encoding="UTF-8"?>
<!-- Generated by org.testng.reporters.JUnitReportReporter -->
<testsuite hostname="DT27" name="com.com.orangehrmlive.AddTest" tests="1" failures="0" timestamp="1 Oct 2019 11:15:38 GMT" time="10.164" errors="0">
  <testcase name="Addtest" time="10.164" classname="com.com.orangehrmlive.AddTest"/>
</testsuite> <!-- com.com.orangehrmlive.AddTest -->
