<?xml version="1.0" encoding="UTF-8"?>
<!-- Generated by org.testng.reporters.JUnitReportReporter -->
<testsuite hostname="DT27" name="com.com.orangehrmlive.Demo" tests="2" failures="0" timestamp="30 Sep 2019 11:31:49 GMT" time="0.037" errors="0">
  <testcase name="demo" time="0.002" classname="com.com.orangehrmlive.Demo"/>
  <testcase name="demo1" time="0.035" classname="com.com.orangehrmlive.Demo"/>
</testsuite> <!-- com.com.orangehrmlive.Demo -->
