<?xml version="1.0" encoding="UTF-8"?>
<!-- Generated by org.testng.reporters.JUnitReportReporter -->
<testsuite hostname="DT27" name="com.com.orangehrmlive.VerifyTest" tests="1" failures="0" timestamp="1 Oct 2019 11:52:33 GMT" time="14.706" errors="0">
  <testcase name="verifyTest" time="14.706" classname="com.com.orangehrmlive.VerifyTest"/>
</testsuite> <!-- com.com.orangehrmlive.VerifyTest -->
